0 info it worked if it ends with ok
1 verbose cli [ '/usr/bin/nodejs', '/usr/bin/npm', 'install', 'postgres' ]
2 info using npm@2.15.5
3 info using node@v4.4.5
4 verbose install initial load of /home/nerea/node/test/package.json
5 verbose installManyTop reading scoped package data from /home/nerea/node/test/node_modules/body-parser/package.json
6 verbose installManyTop reading scoped package data from /home/nerea/node/test/node_modules/cookie-parser/package.json
7 verbose installManyTop reading scoped package data from /home/nerea/node/test/node_modules/debug/package.json
8 verbose installManyTop reading scoped package data from /home/nerea/node/test/node_modules/ejs/package.json
9 verbose installManyTop reading scoped package data from /home/nerea/node/test/node_modules/express/package.json
10 verbose installManyTop reading scoped package data from /home/nerea/node/test/node_modules/express-partials/package.json
11 verbose installManyTop reading scoped package data from /home/nerea/node/test/node_modules/express-session/package.json
12 verbose installManyTop reading scoped package data from /home/nerea/node/test/node_modules/method-override/package.json
13 verbose installManyTop reading scoped package data from /home/nerea/node/test/node_modules/morgan/package.json
14 verbose installManyTop reading scoped package data from /home/nerea/node/test/node_modules/node-env-file/package.json
15 verbose installManyTop reading scoped package data from /home/nerea/node/test/node_modules/pg/package.json
16 verbose installManyTop reading scoped package data from /home/nerea/node/test/node_modules/pg-hstore/package.json
17 verbose installManyTop reading scoped package data from /home/nerea/node/test/node_modules/sequelize/package.json
18 verbose installManyTop reading scoped package data from /home/nerea/node/test/node_modules/serve-favicon/package.json
19 verbose installManyTop reading scoped package data from /home/nerea/node/test/node_modules/sqlite3/package.json
20 info package.json express-partials@0.3.0 No license field.
21 info package.json pg-hstore@2.3.2 No license field.
22 info package.json node-env-file@0.1.8 No license field.
23 verbose readDependencies loading dependencies from /home/nerea/node/test/package.json
24 silly cache add args [ 'postgres', null ]
25 verbose cache add spec postgres
26 silly cache add parsed spec Result {
26 silly cache add   raw: 'postgres',
26 silly cache add   scope: null,
26 silly cache add   name: 'postgres',
26 silly cache add   rawSpec: '',
26 silly cache add   spec: 'latest',
26 silly cache add   type: 'tag' }
27 silly addNamed postgres@latest
28 verbose addNamed "latest" is being treated as a dist-tag for postgres
29 info addNameTag [ 'postgres', 'latest' ]
30 silly mapToRegistry name postgres
31 silly mapToRegistry using default registry
32 silly mapToRegistry registry https://registry.npmjs.org/
33 silly mapToRegistry data Result {
33 silly mapToRegistry   raw: 'postgres',
33 silly mapToRegistry   scope: null,
33 silly mapToRegistry   name: 'postgres',
33 silly mapToRegistry   rawSpec: '',
33 silly mapToRegistry   spec: 'latest',
33 silly mapToRegistry   type: 'tag' }
34 silly mapToRegistry uri https://registry.npmjs.org/postgres
35 verbose addNameTag registry:https://registry.npmjs.org/postgres not in flight; fetching
36 verbose request uri https://registry.npmjs.org/postgres
37 verbose request no auth needed
38 info attempt registry request try #1 at 14:33:55
39 verbose request id 44f6b82ef0ed1e81
40 http request GET https://registry.npmjs.org/postgres
41 http 200 https://registry.npmjs.org/postgres
42 verbose headers { server: 'CouchDB/1.6.1 (Erlang OTP/R16B03)',
42 verbose headers   etag: '"647809U4Q7N40F8W8042QD9KL"',
42 verbose headers   'content-type': 'application/json',
42 verbose headers   'content-encoding': 'gzip',
42 verbose headers   'cache-control': 'max-age=300',
42 verbose headers   'content-length': '435',
42 verbose headers   'accept-ranges': 'bytes',
42 verbose headers   date: 'Wed, 17 Aug 2016 12:33:56 GMT',
42 verbose headers   via: '1.1 varnish',
42 verbose headers   age: '0',
42 verbose headers   connection: 'keep-alive',
42 verbose headers   'x-served-by': 'cache-fra1225-FRA',
42 verbose headers   'x-cache': 'MISS',
42 verbose headers   'x-cache-hits': '0',
42 verbose headers   'x-timer': 'S1471437235.782145,VS0,VE746',
42 verbose headers   vary: 'Accept-Encoding' }
43 silly get cb [ 200,
43 silly get   { server: 'CouchDB/1.6.1 (Erlang OTP/R16B03)',
43 silly get     etag: '"647809U4Q7N40F8W8042QD9KL"',
43 silly get     'content-type': 'application/json',
43 silly get     'content-encoding': 'gzip',
43 silly get     'cache-control': 'max-age=300',
43 silly get     'content-length': '435',
43 silly get     'accept-ranges': 'bytes',
43 silly get     date: 'Wed, 17 Aug 2016 12:33:56 GMT',
43 silly get     via: '1.1 varnish',
43 silly get     age: '0',
43 silly get     connection: 'keep-alive',
43 silly get     'x-served-by': 'cache-fra1225-FRA',
43 silly get     'x-cache': 'MISS',
43 silly get     'x-cache-hits': '0',
43 silly get     'x-timer': 'S1471437235.782145,VS0,VE746',
43 silly get     vary: 'Accept-Encoding' } ]
44 verbose get saving postgres to /home/nerea/.npm/registry.npmjs.org/postgres/.cache.json
45 verbose correctMkdir /home/nerea/.npm correctMkdir not in flight; initializing
46 silly addNameTag next cb for postgres with tag latest
47 silly addNamed postgres@0.0.1
48 verbose addNamed "0.0.1" is a plain semver version for postgres
49 silly mapToRegistry name postgres
50 silly mapToRegistry using default registry
51 silly mapToRegistry registry https://registry.npmjs.org/
52 silly mapToRegistry data Result {
52 silly mapToRegistry   raw: 'postgres',
52 silly mapToRegistry   scope: null,
52 silly mapToRegistry   name: 'postgres',
52 silly mapToRegistry   rawSpec: '',
52 silly mapToRegistry   spec: 'latest',
52 silly mapToRegistry   type: 'tag' }
53 silly mapToRegistry uri https://registry.npmjs.org/postgres
54 verbose addRemoteTarball https://registry.npmjs.org/postgres/-/postgres-0.0.1.tgz not in flight; adding
55 verbose addRemoteTarball [ 'https://registry.npmjs.org/postgres/-/postgres-0.0.1.tgz',
55 verbose addRemoteTarball   '93aecd0a7fcf620792bcc2c87a2ead432adaa833' ]
56 info retry fetch attempt 1 at 14:33:56
57 info attempt registry request try #1 at 14:33:56
58 http fetch GET https://registry.npmjs.org/postgres/-/postgres-0.0.1.tgz
59 http fetch 200 https://registry.npmjs.org/postgres/-/postgres-0.0.1.tgz
60 silly fetchAndShaCheck shasum 93aecd0a7fcf620792bcc2c87a2ead432adaa833
61 verbose addTmpTarball /tmp/npm-11313-31977eb8/registry.npmjs.org/postgres/-/postgres-0.0.1.tgz not in flight; adding
62 verbose addTmpTarball already have metadata; skipping unpack for postgres@0.0.1
63 verbose correctMkdir /home/nerea/.npm correctMkdir not in flight; initializing
64 silly cache afterAdd postgres@0.0.1
65 verbose afterAdd /home/nerea/.npm/postgres/0.0.1/package/package.json not in flight; writing
66 verbose correctMkdir /home/nerea/.npm correctMkdir not in flight; initializing
67 verbose afterAdd /home/nerea/.npm/postgres/0.0.1/package/package.json written
68 silly install resolved [ { name: 'postgres',
68 silly install resolved     version: '0.0.1',
68 silly install resolved     description: 'very basic libpg binding to node',
68 silly install resolved     author: { name: 'Ryan Dahl' },
68 silly install resolved     main: './postgres',
68 silly install resolved     scripts: { install: 'node-waf configure build' },
68 silly install resolved     _id: 'postgres@0.0.1',
68 silly install resolved     engines: { node: '*' },
68 silly install resolved     _nodeSupported: true,
68 silly install resolved     _npmVersion: '0.2.7-2',
68 silly install resolved     _nodeVersion: 'v0.3.1-pre',
68 silly install resolved     dist:
68 silly install resolved      { tarball: 'https://registry.npmjs.org/postgres/-/postgres-0.0.1.tgz',
68 silly install resolved        shasum: '93aecd0a7fcf620792bcc2c87a2ead432adaa833' },
68 silly install resolved     directories: {},
68 silly install resolved     _shasum: '93aecd0a7fcf620792bcc2c87a2ead432adaa833',
68 silly install resolved     _resolved: 'https://registry.npmjs.org/postgres/-/postgres-0.0.1.tgz',
68 silly install resolved     _from: 'postgres@latest' } ]
69 info install postgres@0.0.1 into /home/nerea/node/test
70 info installOne postgres@0.0.1
71 verbose installOne of postgres to /home/nerea/node/test not in flight; installing
72 verbose correctMkdir /home/nerea/.npm/_locks correctMkdir not in flight; initializing
73 verbose lock using /home/nerea/.npm/_locks/postgres-8fa58498311f14ab.lock for /home/nerea/node/test/node_modules/postgres
74 silly install write writing postgres 0.0.1 to /home/nerea/node/test/node_modules/postgres
75 verbose unbuild node_modules/postgres
76 silly gentlyRm /home/nerea/node/test/node_modules/postgres is being purged from base /home/nerea/node/test
77 verbose gentlyRm don't care about contents; nuking /home/nerea/node/test/node_modules/postgres
78 verbose tar unpack /home/nerea/.npm/postgres/0.0.1/package.tgz
79 verbose tar unpacking to /home/nerea/node/test/node_modules/postgres
80 silly gentlyRm /home/nerea/node/test/node_modules/postgres is being purged
81 verbose gentlyRm don't care about contents; nuking /home/nerea/node/test/node_modules/postgres
82 silly gunzTarPerm modes [ '775', '664' ]
83 silly gunzTarPerm extractEntry
84 silly gunzTarPerm modified mode [ '', 493, 509 ]
85 silly gunzTarPerm extractEntry .gitignore
86 silly gunzTarPerm modified mode [ '.gitignore', 420, 436 ]
87 silly gunzTarPerm extractEntry ._.npmignore
88 silly gunzTarPerm modified mode [ '._.npmignore', 420, 436 ]
89 silly gunzTarPerm extractEntry .npmignore
90 silly gunzTarPerm modified mode [ '.npmignore', 420, 436 ]
91 silly gunzTarPerm extractEntry binding.cc
92 silly gunzTarPerm modified mode [ 'binding.cc', 420, 436 ]
93 silly gunzTarPerm extractEntry LICENSE-MIT
94 silly gunzTarPerm modified mode [ 'LICENSE-MIT', 420, 436 ]
95 silly gunzTarPerm extractEntry ._package.json
96 silly gunzTarPerm modified mode [ '._package.json', 420, 436 ]
97 silly gunzTarPerm extractEntry package.json
98 silly gunzTarPerm modified mode [ 'package.json', 420, 436 ]
99 silly gunzTarPerm extractEntry postgres.js
100 silly gunzTarPerm modified mode [ 'postgres.js', 420, 436 ]
101 silly gunzTarPerm extractEntry README
102 silly gunzTarPerm modified mode [ 'README', 420, 436 ]
103 silly gunzTarPerm extractEntry test.js
104 silly gunzTarPerm modified mode [ 'test.js', 420, 436 ]
105 silly gunzTarPerm extractEntry type-oids.h
106 silly gunzTarPerm modified mode [ 'type-oids.h', 420, 436 ]
107 silly gunzTarPerm extractEntry wscript
108 silly gunzTarPerm modified mode [ 'wscript', 420, 436 ]
109 verbose write writing to /home/nerea/node/test/node_modules/postgres/package.json
110 info preinstall postgres@0.0.1
111 verbose readDependencies loading dependencies from /home/nerea/node/test/node_modules/postgres/package.json
112 verbose readDependencies loading dependencies from /home/nerea/node/test/node_modules/postgres/package.json
113 silly install resolved []
114 verbose about to build /home/nerea/node/test/node_modules/postgres
115 info build /home/nerea/node/test/node_modules/postgres
116 info linkStuff postgres@0.0.1
117 silly linkStuff postgres@0.0.1 has /home/nerea/node/test/node_modules as its parent node_modules
118 verbose linkBins postgres@0.0.1
119 verbose linkMans postgres@0.0.1
120 verbose rebuildBundles postgres@0.0.1
121 info install postgres@0.0.1
122 verbose unsafe-perm in lifecycle true
123 info postgres@0.0.1 Failed to exec install script
124 verbose unlock done using /home/nerea/.npm/_locks/postgres-8fa58498311f14ab.lock for /home/nerea/node/test/node_modules/postgres
125 verbose stack Error: postgres@0.0.1 install: `node-waf configure build`
125 verbose stack spawn ENOENT
125 verbose stack     at ChildProcess.<anonymous> (/usr/lib/node_modules/npm/lib/utils/spawn.js:17:16)
125 verbose stack     at emitTwo (events.js:87:13)
125 verbose stack     at ChildProcess.emit (events.js:172:7)
125 verbose stack     at maybeClose (internal/child_process.js:827:16)
125 verbose stack     at Process.ChildProcess._handle.onexit (internal/child_process.js:211:5)
126 verbose pkgid postgres@0.0.1
127 verbose cwd /home/nerea/node/test
128 error Linux 4.4.0-28-generic
129 error argv "/usr/bin/nodejs" "/usr/bin/npm" "install" "postgres"
130 error node v4.4.5
131 error npm  v2.15.5
132 error file sh
133 error code ELIFECYCLE
134 error errno ENOENT
135 error syscall spawn
136 error postgres@0.0.1 install: `node-waf configure build`
136 error spawn ENOENT
137 error Failed at the postgres@0.0.1 install script 'node-waf configure build'.
137 error This is most likely a problem with the postgres package,
137 error not with npm itself.
137 error Tell the author that this fails on your system:
137 error     node-waf configure build
137 error You can get information on how to open an issue for this project with:
137 error     npm bugs postgres
137 error Or if that isn't available, you can get their info via:
137 error
137 error     npm owner ls postgres
137 error There is likely additional logging output above.
138 verbose exit [ 1, true ]
139 verbose unbuild node_modules/postgres
140 info preuninstall postgres@0.0.1
141 info uninstall postgres@0.0.1
142 verbose unbuild rmStuff postgres@0.0.1 from /home/nerea/node/test/node_modules
143 info postuninstall postgres@0.0.1
144 silly gentlyRm /home/nerea/node/test/node_modules/postgres is being purged from base /home/nerea/node/test
145 verbose gentlyRm don't care about contents; nuking /home/nerea/node/test/node_modules/postgres
146 silly vacuum-fs purging /home/nerea/node/test/node_modules/postgres
147 silly vacuum-fs quitting because other entries in /home/nerea/node/test/node_modules
